This file contains any messages produced by compilers while
running configure, to aid debugging if configure makes a mistake.

It was created by galaxy configure 0.0.1, which was
generated by GNU Autoconf 2.59.  Invocation command line was

  $ ./configure 

## --------- ##
## Platform. ##
## --------- ##

hostname = frylock
uname -m = x86_64
uname -r = 2.6.16-1.2069_FC5
uname -s = Linux
uname -v = #1 SMP Tue Mar 21 17:13:02 EST 2006

/usr/bin/uname -p = unknown
/bin/uname -X     = unknown

/bin/arch              = x86_64
/usr/bin/arch -k       = unknown
/usr/convex/getsysinfo = unknown
hostinfo               = unknown
/bin/machine           = unknown
/usr/bin/oslevel       = unknown
/bin/universe          = unknown

PATH: /usr/kerberos/bin
PATH: /usr/local/bin
PATH: /bin
PATH: /usr/bin
PATH: /home/gabriel/bin


## ----------- ##
## Core tests. ##
## ----------- ##

configure:1559: checking for a BSD-compatible install
configure:1614: result: /usr/bin/install -c
configure:1625: checking whether build environment is sane
configure:1668: result: yes
configure:1733: checking for gawk
configure:1749: found /bin/gawk
configure:1759: result: gawk
configure:1769: checking whether make sets $(MAKE)
configure:1789: result: yes
configure:2005: checking for gcc
configure:2021: found /usr/bin/gcc
configure:2031: result: gcc
configure:2275: checking for C compiler version
configure:2278: gcc --version </dev/null >&5
gcc (GCC) 4.1.0 20060304 (Red Hat 4.1.0-3)
Copyright (C) 2006 Free Software Foundation, Inc.
This is free software; see the source for copying conditions.  There is NO
warranty; not even for MERCHANTABILITY or FITNESS FOR A PARTICULAR PURPOSE.

configure:2281: $? = 0
configure:2283: gcc -v </dev/null >&5
Using built-in specs.
Target: x86_64-redhat-linux
Configured with: ../configure --prefix=/usr --mandir=/usr/share/man --infodir=/usr/share/info --enable-shared --enable-threads=posix --enable-checking=release --with-system-zlib --enable-__cxa_atexit --disable-libunwind-exceptions --enable-libgcj-multifile --enable-languages=c,c++,objc,obj-c++,java,fortran,ada --enable-java-awt=gtk --disable-dssi --with-java-home=/usr/lib/jvm/java-1.4.2-gcj-1.4.2.0/jre --with-cpu=generic --host=x86_64-redhat-linux
Thread model: posix
gcc version 4.1.0 20060304 (Red Hat 4.1.0-3)
configure:2286: $? = 0
configure:2288: gcc -V </dev/null >&5
gcc: '-V' option must have argument
configure:2291: $? = 1
configure:2314: checking for C compiler default output file name
configure:2317: gcc    conftest.c  >&5
configure:2320: $? = 0
configure:2366: result: a.out
configure:2371: checking whether the C compiler works
configure:2377: ./a.out
configure:2380: $? = 0
configure:2397: result: yes
configure:2404: checking whether we are cross compiling
configure:2406: result: no
configure:2409: checking for suffix of executables
configure:2411: gcc -o conftest    conftest.c  >&5
configure:2414: $? = 0
configure:2439: result: 
configure:2445: checking for suffix of object files
configure:2466: gcc -c   conftest.c >&5
configure:2469: $? = 0
configure:2491: result: o
configure:2495: checking whether we are using the GNU C compiler
configure:2519: gcc -c   conftest.c >&5
configure:2525: $? = 0
configure:2529: test -z 
			 || test ! -s conftest.err
configure:2532: $? = 0
configure:2535: test -s conftest.o
configure:2538: $? = 0
configure:2551: result: yes
configure:2557: checking whether gcc accepts -g
configure:2578: gcc -c -g  conftest.c >&5
configure:2584: $? = 0
configure:2588: test -z 
			 || test ! -s conftest.err
configure:2591: $? = 0
configure:2594: test -s conftest.o
configure:2597: $? = 0
configure:2608: result: yes
configure:2625: checking for gcc option to accept ANSI C
configure:2695: gcc  -c -g -O2  conftest.c >&5
configure:2701: $? = 0
configure:2705: test -z 
			 || test ! -s conftest.err
configure:2708: $? = 0
configure:2711: test -s conftest.o
configure:2714: $? = 0
configure:2732: result: none needed
configure:2750: gcc -c -g -O2  conftest.c >&5
conftest.c:2: error: expected '=', ',', ';', 'asm' or '__attribute__' before 'me'
configure:2756: $? = 1
configure: failed program was:
| #ifndef __cplusplus
|   choke me
| #endif
configure:2900: checking for style of include used by make
configure:2928: result: GNU
configure:2956: checking dependency style of gcc
configure:3046: result: gcc3
configure:3141: checking build system type
configure:3159: result: x86_64-redhat-linux-gnu
configure:3167: checking host system type
configure:3181: result: x86_64-redhat-linux-gnu
configure:3189: checking for a sed that does not truncate output
configure:3243: result: /bin/sed
configure:3246: checking for egrep
configure:3256: result: grep -E
configure:3272: checking for ld used by gcc
configure:3339: result: /usr/bin/ld
configure:3348: checking if the linker (/usr/bin/ld) is GNU ld
configure:3363: result: yes
configure:3368: checking for /usr/bin/ld option to reload object files
configure:3375: result: -r
configure:3393: checking for BSD-compatible nm
configure:3442: result: /usr/bin/nm -B
configure:3446: checking whether ln -s works
configure:3450: result: yes
configure:3457: checking how to recognise dependent libraries
configure:3633: result: pass_all
configure:3721: gcc -c -g -O2  conftest.c >&5
configure:3724: $? = 0
configure:3870: checking how to run the C preprocessor
configure:3905: gcc -E  conftest.c
configure:3911: $? = 0
configure:3943: gcc -E  conftest.c
conftest.c:11:28: error: ac_nonexistent.h: No such file or directory
configure:3949: $? = 1
configure: failed program was:
| /* confdefs.h.  */
| 
| #define PACKAGE_NAME "galaxy"
| #define PACKAGE_TARNAME "galaxy"
| #define PACKAGE_VERSION "0.0.1"
| #define PACKAGE_STRING "galaxy 0.0.1"
| #define PACKAGE_BUGREPORT "munozga@gmail.com"
| #define PACKAGE "galaxy"
| #define VERSION "0.0.1"
| /* end confdefs.h.  */
| #include <ac_nonexistent.h>
configure:3988: result: gcc -E
configure:4012: gcc -E  conftest.c
configure:4018: $? = 0
configure:4050: gcc -E  conftest.c
conftest.c:11:28: error: ac_nonexistent.h: No such file or directory
configure:4056: $? = 1
configure: failed program was:
| /* confdefs.h.  */
| 
| #define PACKAGE_NAME "galaxy"
| #define PACKAGE_TARNAME "galaxy"
| #define PACKAGE_VERSION "0.0.1"
| #define PACKAGE_STRING "galaxy 0.0.1"
| #define PACKAGE_BUGREPORT "munozga@gmail.com"
| #define PACKAGE "galaxy"
| #define VERSION "0.0.1"
| /* end confdefs.h.  */
| #include <ac_nonexistent.h>
configure:4100: checking for ANSI C header files
configure:4125: gcc -c -g -O2  conftest.c >&5
configure:4131: $? = 0
configure:4135: test -z 
			 || test ! -s conftest.err
configure:4138: $? = 0
configure:4141: test -s conftest.o
configure:4144: $? = 0
configure:4233: gcc -o conftest -g -O2   conftest.c  >&5
conftest.c: In function 'main':
conftest.c:28: warning: incompatible implicit declaration of built-in function 'exit'
configure:4236: $? = 0
configure:4238: ./conftest
configure:4241: $? = 0
configure:4256: result: yes
configure:4280: checking for sys/types.h
configure:4296: gcc -c -g -O2  conftest.c >&5
configure:4302: $? = 0
configure:4306: test -z 
			 || test ! -s conftest.err
configure:4309: $? = 0
configure:4312: test -s conftest.o
configure:4315: $? = 0
configure:4326: result: yes
configure:4280: checking for sys/stat.h
configure:4296: gcc -c -g -O2  conftest.c >&5
configure:4302: $? = 0
configure:4306: test -z 
			 || test ! -s conftest.err
configure:4309: $? = 0
configure:4312: test -s conftest.o
configure:4315: $? = 0
configure:4326: result: yes
configure:4280: checking for stdlib.h
configure:4296: gcc -c -g -O2  conftest.c >&5
configure:4302: $? = 0
configure:4306: test -z 
			 || test ! -s conftest.err
configure:4309: $? = 0
configure:4312: test -s conftest.o
configure:4315: $? = 0
configure:4326: result: yes
configure:4280: checking for string.h
configure:4296: gcc -c -g -O2  conftest.c >&5
configure:4302: $? = 0
configure:4306: test -z 
			 || test ! -s conftest.err
configure:4309: $? = 0
configure:4312: test -s conftest.o
configure:4315: $? = 0
configure:4326: result: yes
configure:4280: checking for memory.h
configure:4296: gcc -c -g -O2  conftest.c >&5
configure:4302: $? = 0
configure:4306: test -z 
			 || test ! -s conftest.err
configure:4309: $? = 0
configure:4312: test -s conftest.o
configure:4315: $? = 0
configure:4326: result: yes
configure:4280: checking for strings.h
configure:4296: gcc -c -g -O2  conftest.c >&5
configure:4302: $? = 0
configure:4306: test -z 
			 || test ! -s conftest.err
configure:4309: $? = 0
configure:4312: test -s conftest.o
configure:4315: $? = 0
configure:4326: result: yes
configure:4280: checking for inttypes.h
configure:4296: gcc -c -g -O2  conftest.c >&5
configure:4302: $? = 0
configure:4306: test -z 
			 || test ! -s conftest.err
configure:4309: $? = 0
configure:4312: test -s conftest.o
configure:4315: $? = 0
configure:4326: result: yes
configure:4280: checking for stdint.h
configure:4296: gcc -c -g -O2  conftest.c >&5
configure:4302: $? = 0
configure:4306: test -z 
			 || test ! -s conftest.err
configure:4309: $? = 0
configure:4312: test -s conftest.o
configure:4315: $? = 0
configure:4326: result: yes
configure:4280: checking for unistd.h
configure:4296: gcc -c -g -O2  conftest.c >&5
configure:4302: $? = 0
configure:4306: test -z 
			 || test ! -s conftest.err
configure:4309: $? = 0
configure:4312: test -s conftest.o
configure:4315: $? = 0
configure:4326: result: yes
configure:4352: checking dlfcn.h usability
configure:4364: gcc -c -g -O2  conftest.c >&5
configure:4370: $? = 0
configure:4374: test -z 
			 || test ! -s conftest.err
configure:4377: $? = 0
configure:4380: test -s conftest.o
configure:4383: $? = 0
configure:4393: result: yes
configure:4397: checking dlfcn.h presence
configure:4407: gcc -E  conftest.c
configure:4413: $? = 0
configure:4433: result: yes
configure:4468: checking for dlfcn.h
configure:4475: result: yes
configure:4540: checking for g++
configure:4556: found /usr/bin/g++
configure:4566: result: g++
configure:4582: checking for C++ compiler version
configure:4585: g++ --version </dev/null >&5
g++ (GCC) 4.1.0 20060304 (Red Hat 4.1.0-3)
Copyright (C) 2006 Free Software Foundation, Inc.
This is free software; see the source for copying conditions.  There is NO
warranty; not even for MERCHANTABILITY or FITNESS FOR A PARTICULAR PURPOSE.

configure:4588: $? = 0
configure:4590: g++ -v </dev/null >&5
Using built-in specs.
Target: x86_64-redhat-linux
Configured with: ../configure --prefix=/usr --mandir=/usr/share/man --infodir=/usr/share/info --enable-shared --enable-threads=posix --enable-checking=release --with-system-zlib --enable-__cxa_atexit --disable-libunwind-exceptions --enable-libgcj-multifile --enable-languages=c,c++,objc,obj-c++,java,fortran,ada --enable-java-awt=gtk --disable-dssi --with-java-home=/usr/lib/jvm/java-1.4.2-gcj-1.4.2.0/jre --with-cpu=generic --host=x86_64-redhat-linux
Thread model: posix
gcc version 4.1.0 20060304 (Red Hat 4.1.0-3)
configure:4593: $? = 0
configure:4595: g++ -V </dev/null >&5
g++: '-V' option must have argument
configure:4598: $? = 1
configure:4601: checking whether we are using the GNU C++ compiler
configure:4625: g++ -c   conftest.cc >&5
configure:4631: $? = 0
configure:4635: test -z 
			 || test ! -s conftest.err
configure:4638: $? = 0
configure:4641: test -s conftest.o
configure:4644: $? = 0
configure:4657: result: yes
configure:4663: checking whether g++ accepts -g
configure:4684: g++ -c -g  conftest.cc >&5
configure:4690: $? = 0
configure:4694: test -z 
			 || test ! -s conftest.err
configure:4697: $? = 0
configure:4700: test -s conftest.o
configure:4703: $? = 0
configure:4714: result: yes
configure:4756: g++ -c -g -O2  conftest.cc >&5
configure:4762: $? = 0
configure:4766: test -z 
			 || test ! -s conftest.err
configure:4769: $? = 0
configure:4772: test -s conftest.o
configure:4775: $? = 0
configure:4801: g++ -c -g -O2  conftest.cc >&5
conftest.cc: In function 'int main()':
conftest.cc:26: error: 'exit' was not declared in this scope
configure:4807: $? = 1
configure: failed program was:
| /* confdefs.h.  */
| 
| #define PACKAGE_NAME "galaxy"
| #define PACKAGE_TARNAME "galaxy"
| #define PACKAGE_VERSION "0.0.1"
| #define PACKAGE_STRING "galaxy 0.0.1"
| #define PACKAGE_BUGREPORT "munozga@gmail.com"
| #define PACKAGE "galaxy"
| #define VERSION "0.0.1"
| #define STDC_HEADERS 1
| #define HAVE_SYS_TYPES_H 1
| #define HAVE_SYS_STAT_H 1
| #define HAVE_STDLIB_H 1
| #define HAVE_STRING_H 1
| #define HAVE_MEMORY_H 1
| #define HAVE_STRINGS_H 1
| #define HAVE_INTTYPES_H 1
| #define HAVE_STDINT_H 1
| #define HAVE_UNISTD_H 1
| #define HAVE_DLFCN_H 1
| /* end confdefs.h.  */
| 
| int
| main ()
| {
| exit (42);
|   ;
|   return 0;
| }
configure:4756: g++ -c -g -O2  conftest.cc >&5
configure:4762: $? = 0
configure:4766: test -z 
			 || test ! -s conftest.err
configure:4769: $? = 0
configure:4772: test -s conftest.o
configure:4775: $? = 0
configure:4801: g++ -c -g -O2  conftest.cc >&5
configure:4807: $? = 0
configure:4811: test -z 
			 || test ! -s conftest.err
configure:4814: $? = 0
configure:4817: test -s conftest.o
configure:4820: $? = 0
configure:4845: checking dependency style of g++
configure:4935: result: gcc3
configure:4962: checking how to run the C++ preprocessor
configure:4993: g++ -E  conftest.cc
configure:4999: $? = 0
configure:5031: g++ -E  conftest.cc
conftest.cc:25:28: error: ac_nonexistent.h: No such file or directory
configure:5037: $? = 1
configure: failed program was:
| /* confdefs.h.  */
| 
| #define PACKAGE_NAME "galaxy"
| #define PACKAGE_TARNAME "galaxy"
| #define PACKAGE_VERSION "0.0.1"
| #define PACKAGE_STRING "galaxy 0.0.1"
| #define PACKAGE_BUGREPORT "munozga@gmail.com"
| #define PACKAGE "galaxy"
| #define VERSION "0.0.1"
| #define STDC_HEADERS 1
| #define HAVE_SYS_TYPES_H 1
| #define HAVE_SYS_STAT_H 1
| #define HAVE_STDLIB_H 1
| #define HAVE_STRING_H 1
| #define HAVE_MEMORY_H 1
| #define HAVE_STRINGS_H 1
| #define HAVE_INTTYPES_H 1
| #define HAVE_STDINT_H 1
| #define HAVE_UNISTD_H 1
| #define HAVE_DLFCN_H 1
| #ifdef __cplusplus
| extern "C" void std::exit (int) throw (); using std::exit;
| #endif
| /* end confdefs.h.  */
| #include <ac_nonexistent.h>
configure:5076: result: g++ -E
configure:5100: g++ -E  conftest.cc
configure:5106: $? = 0
configure:5138: g++ -E  conftest.cc
conftest.cc:25:28: error: ac_nonexistent.h: No such file or directory
configure:5144: $? = 1
configure: failed program was:
| /* confdefs.h.  */
| 
| #define PACKAGE_NAME "galaxy"
| #define PACKAGE_TARNAME "galaxy"
| #define PACKAGE_VERSION "0.0.1"
| #define PACKAGE_STRING "galaxy 0.0.1"
| #define PACKAGE_BUGREPORT "munozga@gmail.com"
| #define PACKAGE "galaxy"
| #define VERSION "0.0.1"
| #define STDC_HEADERS 1
| #define HAVE_SYS_TYPES_H 1
| #define HAVE_SYS_STAT_H 1
| #define HAVE_STDLIB_H 1
| #define HAVE_STRING_H 1
| #define HAVE_MEMORY_H 1
| #define HAVE_STRINGS_H 1
| #define HAVE_INTTYPES_H 1
| #define HAVE_STDINT_H 1
| #define HAVE_UNISTD_H 1
| #define HAVE_DLFCN_H 1
| #ifdef __cplusplus
| extern "C" void std::exit (int) throw (); using std::exit;
| #endif
| /* end confdefs.h.  */
| #include <ac_nonexistent.h>
configure:5241: checking for g77
configure:5270: result: no
configure:5241: checking for f77
configure:5270: result: no
configure:5241: checking for xlf
configure:5270: result: no
configure:5241: checking for frt
configure:5270: result: no
configure:5241: checking for pgf77
configure:5270: result: no
configure:5241: checking for fort77
configure:5270: result: no
configure:5241: checking for fl32
configure:5270: result: no
configure:5241: checking for af77
configure:5270: result: no
configure:5241: checking for f90
configure:5270: result: no
configure:5241: checking for xlf90
configure:5270: result: no
configure:5241: checking for pgf90
configure:5270: result: no
configure:5241: checking for epcf90
configure:5270: result: no
configure:5241: checking for f95
configure:5257: found /usr/bin/f95
configure:5267: result: f95
configure:5282: checking for Fortran 77 compiler version
configure:5285: f95 --version </dev/null >&5
GNU Fortran 95 (GCC) 4.1.0 20060304 (Red Hat 4.1.0-3)
Copyright (C) 2006 Free Software Foundation, Inc.

GNU Fortran comes with NO WARRANTY, to the extent permitted by law.
You may redistribute copies of GNU Fortran
under the terms of the GNU General Public License.
For more information about these matters, see the file named COPYING

configure:5288: $? = 0
configure:5290: f95 -v </dev/null >&5
Using built-in specs.
Target: x86_64-redhat-linux
Configured with: ../configure --prefix=/usr --mandir=/usr/share/man --infodir=/usr/share/info --enable-shared --enable-threads=posix --enable-checking=release --with-system-zlib --enable-__cxa_atexit --disable-libunwind-exceptions --enable-libgcj-multifile --enable-languages=c,c++,objc,obj-c++,java,fortran,ada --enable-java-awt=gtk --disable-dssi --with-java-home=/usr/lib/jvm/java-1.4.2-gcj-1.4.2.0/jre --with-cpu=generic --host=x86_64-redhat-linux
Thread model: posix
gcc version 4.1.0 20060304 (Red Hat 4.1.0-3)
configure:5293: $? = 0
configure:5295: f95 -V </dev/null >&5
f95: '-V' option must have argument
configure:5298: $? = 1
configure:5306: checking whether we are using the GNU Fortran 77 compiler
configure:5320: f95 -c  conftest.F >&5
configure:5326: $? = 0
configure:5330: test -z 
			 || test ! -s conftest.err
configure:5333: $? = 0
configure:5336: test -s conftest.o
configure:5339: $? = 0
configure:5352: result: yes
configure:5358: checking whether f95 accepts -g
configure:5370: f95 -c -g conftest.f >&5
configure:5376: $? = 0
configure:5380: test -z 
			 || test ! -s conftest.err
configure:5383: $? = 0
configure:5386: test -s conftest.o
configure:5389: $? = 0
configure:5401: result: yes
configure:5431: checking the maximum length of command line arguments
configure:5540: result: 32768
configure:5551: checking command to parse /usr/bin/nm -B output from gcc object
configure:5656: gcc -c -g -O2  conftest.c >&5
configure:5659: $? = 0
configure:5663: /usr/bin/nm -B conftest.o \| sed -n -e 's/^.*[ 	]\([ABCDGIRSTW][ABCDGIRSTW]*\)[ 	][ 	]*\([_A-Za-z][_A-Za-z0-9]*\)$/\1 \2 \2/p' \> conftest.nm
configure:5666: $? = 0
configure:5718: gcc -o conftest -g -O2   conftest.c conftstm.o >&5
configure:5721: $? = 0
configure:5759: result: ok
configure:5763: checking for objdir
configure:5778: result: .libs
configure:5868: checking for ar
configure:5884: found /usr/bin/ar
configure:5895: result: ar
configure:5948: checking for ranlib
configure:5964: found /usr/bin/ranlib
configure:5975: result: ranlib
configure:6028: checking for strip
configure:6044: found /usr/bin/strip
configure:6055: result: strip
configure:6327: checking if gcc supports -fno-rtti -fno-exceptions
configure:6345: gcc -c -g -O2  -fno-rtti -fno-exceptions conftest.c >&5
cc1: warning: command line option "-fno-rtti" is valid for C++/ObjC++ but not for C
configure:6349: $? = 0
configure:6362: result: no
configure:6377: checking for gcc option to produce PIC
configure:6587: result: -fPIC
configure:6595: checking if gcc PIC flag -fPIC works
configure:6613: gcc -c -g -O2  -fPIC -DPIC conftest.c >&5
configure:6617: $? = 0
configure:6630: result: yes
configure:6658: checking if gcc static flag -static works
configure:6686: result: yes
configure:6696: checking if gcc supports -c -o file.o
configure:6717: gcc -c -g -O2  -o out/conftest2.o conftest.c >&5
configure:6721: $? = 0
configure:6743: result: yes
configure:6769: checking whether the gcc linker (/usr/bin/ld -m elf_x86_64) supports shared libraries
configure:7727: result: yes
configure:7748: checking whether -lc should be explicitly linked in
configure:7753: gcc -c -g -O2  conftest.c >&5
configure:7756: $? = 0
configure:7771: gcc -shared conftest.o  -v -Wl,-soname -Wl,conftest -o conftest 2\>\&1 \| grep  -lc  \>/dev/null 2\>\&1
configure:7774: $? = 0
configure:7786: result: no
configure:7794: checking dynamic linker characteristics
configure:8187: gcc -c -g -O2  conftest.c >&5
configure:8190: $? = 0
configure:8403: result: GNU/Linux ld.so
configure:8412: checking how to hardcode library paths into programs
configure:8437: result: immediate
configure:8451: checking whether stripping libraries is possible
configure:8456: result: yes
configure:9290: checking if libtool supports shared libraries
configure:9292: result: yes
configure:9295: checking whether to build shared libraries
configure:9316: result: yes
configure:9319: checking whether to build static libraries
configure:9323: result: yes
configure:9415: creating libtool
configure:10003: checking for ld used by g++
configure:10070: result: /usr/bin/ld -m elf_x86_64
configure:10079: checking if the linker (/usr/bin/ld -m elf_x86_64) is GNU ld
configure:10094: result: yes
configure:10145: checking whether the g++ linker (/usr/bin/ld -m elf_x86_64) supports shared libraries
configure:11083: result: yes
configure:11101: g++ -c -g -O2  conftest.cpp >&5
configure:11104: $? = 0
configure:11223: checking for g++ option to produce PIC
configure:11497: result: -fPIC
configure:11505: checking if g++ PIC flag -fPIC works
configure:11523: g++ -c -g -O2  -fPIC -DPIC conftest.cpp >&5
configure:11527: $? = 0
configure:11540: result: yes
configure:11568: checking if g++ static flag -static works
configure:11596: result: yes
configure:11606: checking if g++ supports -c -o file.o
configure:11627: g++ -c -g -O2  -o out/conftest2.o conftest.cpp >&5
configure:11631: $? = 0
configure:11653: result: yes
configure:11679: checking whether the g++ linker (/usr/bin/ld -m elf_x86_64) supports shared libraries
configure:11704: result: yes
configure:11771: checking dynamic linker characteristics
configure:12164: g++ -c -g -O2  conftest.cpp >&5
configure:12167: $? = 0
configure:12380: result: GNU/Linux ld.so
configure:12389: checking how to hardcode library paths into programs
configure:12414: result: immediate
configure:12940: checking if libtool supports shared libraries
configure:12942: result: yes
configure:12945: checking whether to build shared libraries
configure:12965: result: yes
configure:12968: checking whether to build static libraries
configure:12972: result: yes
configure:12982: checking for f95 option to produce PIC
configure:13192: result: -fPIC
configure:13200: checking if f95 PIC flag -fPIC works
configure:13218: f95 -c -g -O2 -fPIC conftest.f >&5
configure:13222: $? = 0
configure:13235: result: yes
configure:13263: checking if f95 static flag -static works
configure:13291: result: yes
configure:13301: checking if f95 supports -c -o file.o
configure:13322: f95 -c -g -O2 -o out/conftest2.o conftest.f >&5
configure:13326: $? = 0
configure:13348: result: yes
configure:13374: checking whether the f95 linker (/usr/bin/ld -m elf_x86_64) supports shared libraries
configure:14312: result: yes
configure:14379: checking dynamic linker characteristics
configure:14772: f95 -c -g -O2 conftest.f >&5
Warning: conftest.f:1: Illegal preprocessor directive
configure:14775: $? = 0
configure:14988: result: GNU/Linux ld.so
configure:14997: checking how to hardcode library paths into programs
configure:15022: result: immediate
configure:18614: checking for pcre_compile in -lpcre
configure:18644: gcc -o conftest -g -O2   conftest.c -lpcre   >&5
configure:18650: $? = 0
configure:18654: test -z 
			 || test ! -s conftest.err
configure:18657: $? = 0
configure:18660: test -s conftest
configure:18663: $? = 0
configure:18676: result: yes
configure:18689: checking for pthread_create in -lpthread
configure:18719: gcc -o conftest -g -O2   conftest.c -lpthread  -lpcre  >&5
configure:18725: $? = 0
configure:18729: test -z 
			 || test ! -s conftest.err
configure:18732: $? = 0
configure:18735: test -s conftest
configure:18738: $? = 0
configure:18751: result: yes
configure:18763: checking for g_hash_table_new in -lglib-2.0
configure:18793: gcc -o conftest -g -O2   conftest.c -lglib-2.0  -lpthread -lpcre  >&5
configure:18799: $? = 0
configure:18803: test -z 
			 || test ! -s conftest.err
configure:18806: $? = 0
configure:18809: test -s conftest
configure:18812: $? = 0
configure:18825: result: yes
configure:18846: checking for dirent.h that defines DIR
configure:18870: gcc -c -g -O2  conftest.c >&5
configure:18876: $? = 0
configure:18880: test -z 
			 || test ! -s conftest.err
configure:18883: $? = 0
configure:18886: test -s conftest.o
configure:18889: $? = 0
configure:18900: result: yes
configure:18913: checking for library containing opendir
configure:18943: gcc -o conftest -g -O2   conftest.c -lglib-2.0 -lpthread -lpcre  >&5
configure:18949: $? = 0
configure:18953: test -z 
			 || test ! -s conftest.err
configure:18956: $? = 0
configure:18959: test -s conftest
configure:18962: $? = 0
configure:19032: result: none required
configure:19168: checking for ANSI C header files
configure:19324: result: yes
configure:19360: checking errno.h usability
configure:19372: gcc -c -g -O2  conftest.c >&5
configure:19378: $? = 0
configure:19382: test -z 
			 || test ! -s conftest.err
configure:19385: $? = 0
configure:19388: test -s conftest.o
configure:19391: $? = 0
configure:19401: result: yes
configure:19405: checking errno.h presence
configure:19415: gcc -E  conftest.c
configure:19421: $? = 0
configure:19441: result: yes
configure:19476: checking for errno.h
configure:19483: result: yes
configure:19360: checking fcntl.h usability
configure:19372: gcc -c -g -O2  conftest.c >&5
configure:19378: $? = 0
configure:19382: test -z 
			 || test ! -s conftest.err
configure:19385: $? = 0
configure:19388: test -s conftest.o
configure:19391: $? = 0
configure:19401: result: yes
configure:19405: checking fcntl.h presence
configure:19415: gcc -E  conftest.c
configure:19421: $? = 0
configure:19441: result: yes
configure:19476: checking for fcntl.h
configure:19483: result: yes
configure:19351: checking for inttypes.h
configure:19356: result: yes
configure:19360: checking stddef.h usability
configure:19372: gcc -c -g -O2  conftest.c >&5
configure:19378: $? = 0
configure:19382: test -z 
			 || test ! -s conftest.err
configure:19385: $? = 0
configure:19388: test -s conftest.o
configure:19391: $? = 0
configure:19401: result: yes
configure:19405: checking stddef.h presence
configure:19415: gcc -E  conftest.c
configure:19421: $? = 0
configure:19441: result: yes
configure:19476: checking for stddef.h
configure:19483: result: yes
configure:19351: checking for stdlib.h
configure:19356: result: yes
configure:19351: checking for string.h
configure:19356: result: yes
configure:19360: checking sys/ioctl.h usability
configure:19372: gcc -c -g -O2  conftest.c >&5
configure:19378: $? = 0
configure:19382: test -z 
			 || test ! -s conftest.err
configure:19385: $? = 0
configure:19388: test -s conftest.o
configure:19391: $? = 0
configure:19401: result: yes
configure:19405: checking sys/ioctl.h presence
configure:19415: gcc -E  conftest.c
configure:19421: $? = 0
configure:19441: result: yes
configure:19476: checking for sys/ioctl.h
configure:19483: result: yes
configure:19360: checking sys/socket.h usability
configure:19372: gcc -c -g -O2  conftest.c >&5
configure:19378: $? = 0
configure:19382: test -z 
			 || test ! -s conftest.err
configure:19385: $? = 0
configure:19388: test -s conftest.o
configure:19391: $? = 0
configure:19401: result: yes
configure:19405: checking sys/socket.h presence
configure:19415: gcc -E  conftest.c
configure:19421: $? = 0
configure:19441: result: yes
configure:19476: checking for sys/socket.h
configure:19483: result: yes
configure:19360: checking sys/time.h usability
configure:19372: gcc -c -g -O2  conftest.c >&5
configure:19378: $? = 0
configure:19382: test -z 
			 || test ! -s conftest.err
configure:19385: $? = 0
configure:19388: test -s conftest.o
configure:19391: $? = 0
configure:19401: result: yes
configure:19405: checking sys/time.h presence
configure:19415: gcc -E  conftest.c
configure:19421: $? = 0
configure:19441: result: yes
configure:19476: checking for sys/time.h
configure:19483: result: yes
configure:19360: checking sys/un.h usability
configure:19372: gcc -c -g -O2  conftest.c >&5
configure:19378: $? = 0
configure:19382: test -z 
			 || test ! -s conftest.err
configure:19385: $? = 0
configure:19388: test -s conftest.o
configure:19391: $? = 0
configure:19401: result: yes
configure:19405: checking sys/un.h presence
configure:19415: gcc -E  conftest.c
configure:19421: $? = 0
configure:19441: result: yes
configure:19476: checking for sys/un.h
configure:19483: result: yes
configure:19351: checking for unistd.h
configure:19356: result: yes
configure:19360: checking pcre.h usability
configure:19372: gcc -c -g -O2  conftest.c >&5
configure:19378: $? = 0
configure:19382: test -z 
			 || test ! -s conftest.err
configure:19385: $? = 0
configure:19388: test -s conftest.o
configure:19391: $? = 0
configure:19401: result: yes
configure:19405: checking pcre.h presence
configure:19415: gcc -E  conftest.c
configure:19421: $? = 0
configure:19441: result: yes
configure:19476: checking for pcre.h
configure:19483: result: yes
configure:19360: checking pthread.h usability
configure:19372: gcc -c -g -O2  conftest.c >&5
configure:19378: $? = 0
configure:19382: test -z 
			 || test ! -s conftest.err
configure:19385: $? = 0
configure:19388: test -s conftest.o
configure:19391: $? = 0
configure:19401: result: yes
configure:19405: checking pthread.h presence
configure:19415: gcc -E  conftest.c
configure:19421: $? = 0
configure:19441: result: yes
configure:19476: checking for pthread.h
configure:19483: result: yes
configure:19498: checking for an ANSI C-conforming const
configure:19565: gcc -c -g -O2  conftest.c >&5
configure:19571: $? = 0
configure:19575: test -z 
			 || test ! -s conftest.err
configure:19578: $? = 0
configure:19581: test -s conftest.o
configure:19584: $? = 0
configure:19595: result: yes
configure:19605: checking for inline
configure:19626: gcc -c -g -O2  conftest.c >&5
configure:19632: $? = 0
configure:19636: test -z 
			 || test ! -s conftest.err
configure:19639: $? = 0
configure:19642: test -s conftest.o
configure:19645: $? = 0
configure:19657: result: inline
configure:19676: checking for size_t
configure:19700: gcc -c -g -O2  conftest.c >&5
configure:19706: $? = 0
configure:19710: test -z 
			 || test ! -s conftest.err
configure:19713: $? = 0
configure:19716: test -s conftest.o
configure:19719: $? = 0
configure:19730: result: yes
configure:19742: checking for uid_t in sys/types.h
configure:19765: result: yes
configure:19780: checking whether time.h and sys/time.h may both be included
configure:19805: gcc -c -g -O2  conftest.c >&5
configure:19811: $? = 0
configure:19815: test -z 
			 || test ! -s conftest.err
configure:19818: $? = 0
configure:19821: test -s conftest.o
configure:19824: $? = 0
configure:19835: result: yes
configure:19847: checking whether closedir returns void
configure:19876: gcc -o conftest -g -O2   conftest.c -lglib-2.0 -lpthread -lpcre  >&5
configure:19879: $? = 0
configure:19881: ./conftest
configure:19884: $? = 0
configure:19898: result: no
configure:19908: checking whether lstat dereferences a symlink specified with a trailing slash
configure:19939: gcc -o conftest -g -O2   conftest.c -lglib-2.0 -lpthread -lpcre  >&5
configure:19942: $? = 0
configure:19944: ./conftest
configure:19947: $? = 0
configure:19968: result: yes
configure:19989: checking whether stat accepts an empty string
configure:20014: gcc -o conftest -g -O2   conftest.c -lglib-2.0 -lpthread -lpcre  >&5
configure:20017: $? = 0
configure:20019: ./conftest
configure:20022: $? = 1
configure: program exited with status 1
configure: failed program was:
| /* confdefs.h.  */
| 
| #define PACKAGE_NAME "galaxy"
| #define PACKAGE_TARNAME "galaxy"
| #define PACKAGE_VERSION "0.0.1"
| #define PACKAGE_STRING "galaxy 0.0.1"
| #define PACKAGE_BUGREPORT "munozga@gmail.com"
| #define PACKAGE "galaxy"
| #define VERSION "0.0.1"
| #define STDC_HEADERS 1
| #define HAVE_SYS_TYPES_H 1
| #define HAVE_SYS_STAT_H 1
| #define HAVE_STDLIB_H 1
| #define HAVE_STRING_H 1
| #define HAVE_MEMORY_H 1
| #define HAVE_STRINGS_H 1
| #define HAVE_INTTYPES_H 1
| #define HAVE_STDINT_H 1
| #define HAVE_UNISTD_H 1
| #define HAVE_DLFCN_H 1
| #ifdef __cplusplus
| extern "C" void std::exit (int) throw (); using std::exit;
| #endif
| #define HAVE_LIBPCRE 1
| #define HAVE_LIBPTHREAD 1
| #define HAVE_LIBGLIB_2_0 1
| #define HAVE_DIRENT_H 1
| #define STDC_HEADERS 1
| #define HAVE_ERRNO_H 1
| #define HAVE_FCNTL_H 1
| #define HAVE_INTTYPES_H 1
| #define HAVE_STDDEF_H 1
| #define HAVE_STDLIB_H 1
| #define HAVE_STRING_H 1
| #define HAVE_SYS_IOCTL_H 1
| #define HAVE_SYS_SOCKET_H 1
| #define HAVE_SYS_TIME_H 1
| #define HAVE_SYS_UN_H 1
| #define HAVE_UNISTD_H 1
| #define HAVE_PCRE_H 1
| #define HAVE_PTHREAD_H 1
| #define TIME_WITH_SYS_TIME 1
| #define LSTAT_FOLLOWS_SLASHED_SYMLINK 1
| /* end confdefs.h.  */
| #include <stdio.h>
| #if HAVE_SYS_TYPES_H
| # include <sys/types.h>
| #endif
| #if HAVE_SYS_STAT_H
| # include <sys/stat.h>
| #endif
| #if STDC_HEADERS
| # include <stdlib.h>
| # include <stddef.h>
| #else
| # if HAVE_STDLIB_H
| #  include <stdlib.h>
| # endif
| #endif
| #if HAVE_STRING_H
| # if !STDC_HEADERS && HAVE_MEMORY_H
| #  include <memory.h>
| # endif
| # include <string.h>
| #endif
| #if HAVE_STRINGS_H
| # include <strings.h>
| #endif
| #if HAVE_INTTYPES_H
| # include <inttypes.h>
| #else
| # if HAVE_STDINT_H
| #  include <stdint.h>
| # endif
| #endif
| #if HAVE_UNISTD_H
| # include <unistd.h>
| #endif
| int
| main ()
| {
| struct stat sbuf;
|   exit (stat ("", &sbuf) ? 1 : 0);
|   ;
|   return 0;
| }
configure:20036: result: no
configure:20054: checking whether lstat accepts an empty string
configure:20079: gcc -o conftest -g -O2   conftest.c -lglib-2.0 -lpthread -lpcre  >&5
configure:20082: $? = 0
configure:20084: ./conftest
configure:20087: $? = 1
configure: program exited with status 1
configure: failed program was:
| /* confdefs.h.  */
| 
| #define PACKAGE_NAME "galaxy"
| #define PACKAGE_TARNAME "galaxy"
| #define PACKAGE_VERSION "0.0.1"
| #define PACKAGE_STRING "galaxy 0.0.1"
| #define PACKAGE_BUGREPORT "munozga@gmail.com"
| #define PACKAGE "galaxy"
| #define VERSION "0.0.1"
| #define STDC_HEADERS 1
| #define HAVE_SYS_TYPES_H 1
| #define HAVE_SYS_STAT_H 1
| #define HAVE_STDLIB_H 1
| #define HAVE_STRING_H 1
| #define HAVE_MEMORY_H 1
| #define HAVE_STRINGS_H 1
| #define HAVE_INTTYPES_H 1
| #define HAVE_STDINT_H 1
| #define HAVE_UNISTD_H 1
| #define HAVE_DLFCN_H 1
| #ifdef __cplusplus
| extern "C" void std::exit (int) throw (); using std::exit;
| #endif
| #define HAVE_LIBPCRE 1
| #define HAVE_LIBPTHREAD 1
| #define HAVE_LIBGLIB_2_0 1
| #define HAVE_DIRENT_H 1
| #define STDC_HEADERS 1
| #define HAVE_ERRNO_H 1
| #define HAVE_FCNTL_H 1
| #define HAVE_INTTYPES_H 1
| #define HAVE_STDDEF_H 1
| #define HAVE_STDLIB_H 1
| #define HAVE_STRING_H 1
| #define HAVE_SYS_IOCTL_H 1
| #define HAVE_SYS_SOCKET_H 1
| #define HAVE_SYS_TIME_H 1
| #define HAVE_SYS_UN_H 1
| #define HAVE_UNISTD_H 1
| #define HAVE_PCRE_H 1
| #define HAVE_PTHREAD_H 1
| #define TIME_WITH_SYS_TIME 1
| #define LSTAT_FOLLOWS_SLASHED_SYMLINK 1
| /* end confdefs.h.  */
| #include <stdio.h>
| #if HAVE_SYS_TYPES_H
| # include <sys/types.h>
| #endif
| #if HAVE_SYS_STAT_H
| # include <sys/stat.h>
| #endif
| #if STDC_HEADERS
| # include <stdlib.h>
| # include <stddef.h>
| #else
| # if HAVE_STDLIB_H
| #  include <stdlib.h>
| # endif
| #endif
| #if HAVE_STRING_H
| # if !STDC_HEADERS && HAVE_MEMORY_H
| #  include <memory.h>
| # endif
| # include <string.h>
| #endif
| #if HAVE_STRINGS_H
| # include <strings.h>
| #endif
| #if HAVE_INTTYPES_H
| # include <inttypes.h>
| #else
| # if HAVE_STDINT_H
| #  include <stdint.h>
| # endif
| #endif
| #if HAVE_UNISTD_H
| # include <unistd.h>
| #endif
| int
| main ()
| {
| struct stat sbuf;
|   exit (lstat ("", &sbuf) ? 1 : 0);
|   ;
|   return 0;
| }
configure:20101: result: no
configure:20119: checking whether lstat dereferences a symlink specified with a trailing slash
configure:20179: result: yes
configure:20205: checking for stdlib.h
configure:20210: result: yes
configure:20350: checking for GNU libc compatible malloc
configure:20379: gcc -o conftest -g -O2   conftest.c -lglib-2.0 -lpthread -lpcre  >&5
configure:20382: $? = 0
configure:20384: ./conftest
configure:20387: $? = 0
configure:20401: result: yes
configure:20446: checking sys/select.h usability
configure:20458: gcc -c -g -O2  conftest.c >&5
configure:20464: $? = 0
configure:20468: test -z 
			 || test ! -s conftest.err
configure:20471: $? = 0
configure:20474: test -s conftest.o
configure:20477: $? = 0
configure:20487: result: yes
configure:20491: checking sys/select.h presence
configure:20501: gcc -E  conftest.c
configure:20507: $? = 0
configure:20527: result: yes
configure:20562: checking for sys/select.h
configure:20569: result: yes
configure:20437: checking for sys/socket.h
configure:20442: result: yes
configure:20582: checking types of arguments for select
configure:20615: gcc -c -g -O2  conftest.c >&5
configure:20621: $? = 0
configure:20625: test -z 
			 || test ! -s conftest.err
configure:20628: $? = 0
configure:20631: test -s conftest.o
configure:20634: $? = 0
configure:20650: result: int,fd_set *,struct timeval *
configure:20684: checking for ftruncate
configure:20741: gcc -o conftest -g -O2   conftest.c -lglib-2.0 -lpthread -lpcre  >&5
configure:20747: $? = 0
configure:20751: test -z 
			 || test ! -s conftest.err
configure:20754: $? = 0
configure:20757: test -s conftest
configure:20760: $? = 0
configure:20772: result: yes
configure:20684: checking for memmove
configure:20741: gcc -o conftest -g -O2   conftest.c -lglib-2.0 -lpthread -lpcre  >&5
conftest.c:78: warning: conflicting types for built-in function 'memmove'
configure:20747: $? = 0
configure:20751: test -z 
			 || test ! -s conftest.err
configure:20754: $? = 0
configure:20757: test -s conftest
configure:20760: $? = 0
configure:20772: result: yes
configure:20684: checking for memset
configure:20741: gcc -o conftest -g -O2   conftest.c -lglib-2.0 -lpthread -lpcre  >&5
conftest.c:79: warning: conflicting types for built-in function 'memset'
configure:20747: $? = 0
configure:20751: test -z 
			 || test ! -s conftest.err
configure:20754: $? = 0
configure:20757: test -s conftest
configure:20760: $? = 0
configure:20772: result: yes
configure:20684: checking for pathconf
configure:20741: gcc -o conftest -g -O2   conftest.c -lglib-2.0 -lpthread -lpcre  >&5
configure:20747: $? = 0
configure:20751: test -z 
			 || test ! -s conftest.err
configure:20754: $? = 0
configure:20757: test -s conftest
configure:20760: $? = 0
configure:20772: result: yes
configure:20684: checking for select
configure:20741: gcc -o conftest -g -O2   conftest.c -lglib-2.0 -lpthread -lpcre  >&5
configure:20747: $? = 0
configure:20751: test -z 
			 || test ! -s conftest.err
configure:20754: $? = 0
configure:20757: test -s conftest
configure:20760: $? = 0
configure:20772: result: yes
configure:20684: checking for socket
configure:20741: gcc -o conftest -g -O2   conftest.c -lglib-2.0 -lpthread -lpcre  >&5
configure:20747: $? = 0
configure:20751: test -z 
			 || test ! -s conftest.err
configure:20754: $? = 0
configure:20757: test -s conftest
configure:20760: $? = 0
configure:20772: result: yes
configure:20684: checking for strdup
configure:20741: gcc -o conftest -g -O2   conftest.c -lglib-2.0 -lpthread -lpcre  >&5
conftest.c:83: warning: conflicting types for built-in function 'strdup'
configure:20747: $? = 0
configure:20751: test -z 
			 || test ! -s conftest.err
configure:20754: $? = 0
configure:20757: test -s conftest
configure:20760: $? = 0
configure:20772: result: yes
configure:20684: checking for strerror
configure:20741: gcc -o conftest -g -O2   conftest.c -lglib-2.0 -lpthread -lpcre  >&5
configure:20747: $? = 0
configure:20751: test -z 
			 || test ! -s conftest.err
configure:20754: $? = 0
configure:20757: test -s conftest
configure:20760: $? = 0
configure:20772: result: yes
configure:20788: checking for pkg-config
configure:20806: found /usr/bin/pkg-config
configure:20819: result: /usr/bin/pkg-config
configure:20836: checking for glib-2.0 >= 2.0.0
configure:20840: result: yes
configure:20844: checking GLIB_CFLAGS
configure:20847: result: -I/usr/include/glib-2.0 -I/usr/lib64/glib-2.0/include  
configure:20850: checking GLIB_LIBS
configure:20853: result: -lglib-2.0  
configure:21007: creating ./config.status

## ---------------------- ##
## Running config.status. ##
## ---------------------- ##

This file was extended by galaxy config.status 0.0.1, which was
generated by GNU Autoconf 2.59.  Invocation command line was

  CONFIG_FILES    = 
  CONFIG_HEADERS  = 
  CONFIG_LINKS    = 
  CONFIG_COMMANDS = 
  $ ./config.status 

on frylock

config.status:722: creating Makefile
config.status:722: creating libgalaxy/Makefile
config.status:722: creating galaxyd/Makefile
config.status:722: creating galaxy/Makefile
config.status:826: creating config.h
config.status:1022: config.h is unchanged
config.status:1202: executing depfiles commands
configure:22371: configuring in liberror
configure:22488: running /bin/sh './configure' --prefix=/usr/local  --cache-file=/dev/null --srcdir=.

## ---------------- ##
## Cache variables. ##
## ---------------- ##

ac_cv_build=x86_64-redhat-linux-gnu
ac_cv_build_alias=x86_64-redhat-linux-gnu
ac_cv_c_compiler_gnu=yes
ac_cv_c_const=yes
ac_cv_c_inline=inline
ac_cv_cxx_compiler_gnu=yes
ac_cv_env_CC_set=
ac_cv_env_CC_value=
ac_cv_env_CFLAGS_set=
ac_cv_env_CFLAGS_value=
ac_cv_env_CPPFLAGS_set=
ac_cv_env_CPPFLAGS_value=
ac_cv_env_CPP_set=
ac_cv_env_CPP_value=
ac_cv_env_CXXCPP_set=
ac_cv_env_CXXCPP_value=
ac_cv_env_CXXFLAGS_set=
ac_cv_env_CXXFLAGS_value=
ac_cv_env_CXX_set=
ac_cv_env_CXX_value=
ac_cv_env_F77_set=
ac_cv_env_F77_value=
ac_cv_env_FFLAGS_set=
ac_cv_env_FFLAGS_value=
ac_cv_env_LDFLAGS_set=
ac_cv_env_LDFLAGS_value=
ac_cv_env_build_alias_set=
ac_cv_env_build_alias_value=
ac_cv_env_host_alias_set=
ac_cv_env_host_alias_value=
ac_cv_env_target_alias_set=
ac_cv_env_target_alias_value=
ac_cv_exeext=
ac_cv_f77_compiler_gnu=yes
ac_cv_func_closedir_void=no
ac_cv_func_ftruncate=yes
ac_cv_func_lstat_dereferences_slashed_symlink=yes
ac_cv_func_lstat_empty_string_bug=no
ac_cv_func_malloc_0_nonnull=yes
ac_cv_func_memmove=yes
ac_cv_func_memset=yes
ac_cv_func_pathconf=yes
ac_cv_func_select=yes
ac_cv_func_select_args='int,fd_set *,struct timeval *'
ac_cv_func_socket=yes
ac_cv_func_stat_empty_string_bug=no
ac_cv_func_strdup=yes
ac_cv_func_strerror=yes
ac_cv_header_dirent_dirent_h=yes
ac_cv_header_dlfcn_h=yes
ac_cv_header_errno_h=yes
ac_cv_header_fcntl_h=yes
ac_cv_header_inttypes_h=yes
ac_cv_header_memory_h=yes
ac_cv_header_pcre_h=yes
ac_cv_header_pthread_h=yes
ac_cv_header_stdc=yes
ac_cv_header_stddef_h=yes
ac_cv_header_stdint_h=yes
ac_cv_header_stdlib_h=yes
ac_cv_header_string_h=yes
ac_cv_header_strings_h=yes
ac_cv_header_sys_ioctl_h=yes
ac_cv_header_sys_select_h=yes
ac_cv_header_sys_socket_h=yes
ac_cv_header_sys_stat_h=yes
ac_cv_header_sys_time_h=yes
ac_cv_header_sys_types_h=yes
ac_cv_header_sys_un_h=yes
ac_cv_header_time=yes
ac_cv_header_unistd_h=yes
ac_cv_host=x86_64-redhat-linux-gnu
ac_cv_host_alias=x86_64-redhat-linux-gnu
ac_cv_lib_glib_2_0_g_hash_table_new=yes
ac_cv_lib_pcre_pcre_compile=yes
ac_cv_lib_pthread_pthread_create=yes
ac_cv_objext=o
ac_cv_path_PKG_CONFIG=/usr/bin/pkg-config
ac_cv_path_install='/usr/bin/install -c'
ac_cv_prog_AWK=gawk
ac_cv_prog_CPP='gcc -E'
ac_cv_prog_CXXCPP='g++ -E'
ac_cv_prog_ac_ct_AR=ar
ac_cv_prog_ac_ct_CC=gcc
ac_cv_prog_ac_ct_CXX=g++
ac_cv_prog_ac_ct_F77=f95
ac_cv_prog_ac_ct_RANLIB=ranlib
ac_cv_prog_ac_ct_STRIP=strip
ac_cv_prog_cc_g=yes
ac_cv_prog_cc_stdc=
ac_cv_prog_cxx_g=yes
ac_cv_prog_egrep='grep -E'
ac_cv_prog_f77_g=yes
ac_cv_prog_make_make_set=yes
ac_cv_search_opendir='none required'
ac_cv_type_size_t=yes
ac_cv_type_uid_t=yes
am_cv_CC_dependencies_compiler_type=gcc3
am_cv_CXX_dependencies_compiler_type=gcc3
lt_cv_deplibs_check_method=pass_all
lt_cv_file_magic_cmd='$MAGIC_CMD'
lt_cv_file_magic_test_file=
lt_cv_ld_reload_flag=-r
lt_cv_objdir=.libs
lt_cv_path_LD=/usr/bin/ld
lt_cv_path_LDCXX='/usr/bin/ld -m elf_x86_64'
lt_cv_path_NM='/usr/bin/nm -B'
lt_cv_path_SED=/bin/sed
lt_cv_prog_compiler_c_o=yes
lt_cv_prog_compiler_c_o_CXX=yes
lt_cv_prog_compiler_c_o_F77=yes
lt_cv_prog_compiler_rtti_exceptions=no
lt_cv_prog_gnu_ld=yes
lt_cv_prog_gnu_ldcxx=yes
lt_cv_sys_global_symbol_pipe='sed -n -e '\''s/^.*[ 	]\([ABCDGIRSTW][ABCDGIRSTW]*\)[ 	][ 	]*\([_A-Za-z][_A-Za-z0-9]*\)$/\1 \2 \2/p'\'''
lt_cv_sys_global_symbol_to_c_name_address='sed -n -e '\''s/^: \([^ ]*\) $/  {\"\1\", (lt_ptr) 0},/p'\'' -e '\''s/^[BCDEGRST] \([^ ]*\) \([^ ]*\)$/  {"\2", (lt_ptr) \&\2},/p'\'''
lt_cv_sys_global_symbol_to_cdecl='sed -n -e '\''s/^. .* \(.*\)$/extern int \1;/p'\'''
lt_cv_sys_max_cmd_len=32768
lt_lt_cv_prog_compiler_c_o='"yes"'
lt_lt_cv_prog_compiler_c_o_CXX='"yes"'
lt_lt_cv_prog_compiler_c_o_F77='"yes"'
lt_lt_cv_sys_global_symbol_pipe='"sed -n -e '\''s/^.*[ 	]\\([ABCDGIRSTW][ABCDGIRSTW]*\\)[ 	][ 	]*\\([_A-Za-z][_A-Za-z0-9]*\\)\$/\\1 \\2 \\2/p'\''"'
lt_lt_cv_sys_global_symbol_to_c_name_address='"sed -n -e '\''s/^: \\([^ ]*\\) \$/  {\\\"\\1\\\", (lt_ptr) 0},/p'\'' -e '\''s/^[BCDEGRST] \\([^ ]*\\) \\([^ ]*\\)\$/  {\"\\2\", (lt_ptr) \\&\\2},/p'\''"'
lt_lt_cv_sys_global_symbol_to_cdecl='"sed -n -e '\''s/^. .* \\(.*\\)\$/extern int \\1;/p'\''"'

## ----------------- ##
## Output variables. ##
## ----------------- ##

ACLOCAL='${SHELL} /home/gabriel/code/galaxy/missing --run aclocal-1.9'
AMDEPBACKSLASH='\'
AMDEP_FALSE='#'
AMDEP_TRUE=''
AMTAR='${SHELL} /home/gabriel/code/galaxy/missing --run tar'
AR='ar'
AUTOCONF='${SHELL} /home/gabriel/code/galaxy/missing --run autoconf'
AUTOHEADER='${SHELL} /home/gabriel/code/galaxy/missing --run autoheader'
AUTOMAKE='${SHELL} /home/gabriel/code/galaxy/missing --run automake-1.9'
AWK='gawk'
CC='gcc'
CCDEPMODE='depmode=gcc3'
CFLAGS='-g -O2'
CPP='gcc -E'
CPPFLAGS=''
CXX='g++'
CXXCPP='g++ -E'
CXXDEPMODE='depmode=gcc3'
CXXFLAGS='-g -O2'
CYGPATH_W='echo'
DEFS='-DHAVE_CONFIG_H'
DEPDIR='.deps'
ECHO='echo'
ECHO_C=''
ECHO_N='-n'
ECHO_T=''
EGREP='grep -E'
EXEEXT=''
F77='f95'
FFLAGS='-g -O2'
GLIB_CFLAGS='-I/usr/include/glib-2.0 -I/usr/lib64/glib-2.0/include  '
GLIB_LIBS='-lglib-2.0  '
INSTALL_DATA='${INSTALL} -m 644'
INSTALL_PROGRAM='${INSTALL}'
INSTALL_SCRIPT='${INSTALL}'
INSTALL_STRIP_PROGRAM='${SHELL} $(install_sh) -c -s'
LDFLAGS=''
LIBOBJS=''
LIBS='-lglib-2.0 -lpthread -lpcre '
LIBTOOL='$(SHELL) $(top_builddir)/libtool'
LN_S='ln -s'
LTLIBOBJS=''
MAKEINFO='${SHELL} /home/gabriel/code/galaxy/missing --run makeinfo'
OBJEXT='o'
PACKAGE='galaxy'
PACKAGE_BUGREPORT='munozga@gmail.com'
PACKAGE_NAME='galaxy'
PACKAGE_STRING='galaxy 0.0.1'
PACKAGE_TARNAME='galaxy'
PACKAGE_VERSION='0.0.1'
PATH_SEPARATOR=':'
PC_REQUIRES='glib-2.0 >= 2.0.0'
PKG_CONFIG='/usr/bin/pkg-config'
RANLIB='ranlib'
SET_MAKE=''
SHELL='/bin/sh'
STRIP='strip'
VERSION='0.0.1'
ac_ct_AR='ar'
ac_ct_CC='gcc'
ac_ct_CXX='g++'
ac_ct_F77='f95'
ac_ct_RANLIB='ranlib'
ac_ct_STRIP='strip'
am__fastdepCC_FALSE='#'
am__fastdepCC_TRUE=''
am__fastdepCXX_FALSE='#'
am__fastdepCXX_TRUE=''
am__include='include'
am__leading_dot='.'
am__quote=''
am__tar='${AMTAR} chof - "$$tardir"'
am__untar='${AMTAR} xf -'
bindir='${exec_prefix}/bin'
build='x86_64-redhat-linux-gnu'
build_alias=''
build_cpu='x86_64'
build_os='linux-gnu'
build_vendor='redhat'
datadir='${prefix}/share'
exec_prefix='${prefix}'
host='x86_64-redhat-linux-gnu'
host_alias=''
host_cpu='x86_64'
host_os='linux-gnu'
host_vendor='redhat'
includedir='${prefix}/include'
infodir='${prefix}/info'
install_sh='/home/gabriel/code/galaxy/install-sh'
libdir='${exec_prefix}/lib'
libexecdir='${exec_prefix}/libexec'
localstatedir='${prefix}/var'
mandir='${prefix}/man'
mkdir_p='mkdir -p --'
oldincludedir='/usr/include'
prefix='/usr/local'
program_transform_name='s,x,x,'
sbindir='${exec_prefix}/sbin'
sharedstatedir='${prefix}/com'
subdirs=' liberror'
sysconfdir='${prefix}/etc'
target_alias=''

## ----------- ##
## confdefs.h. ##
## ----------- ##

#define HAVE_DIRENT_H 1
#define HAVE_DLFCN_H 1
#define HAVE_ERRNO_H 1
#define HAVE_FCNTL_H 1
#define HAVE_FTRUNCATE 1
#define HAVE_INTTYPES_H 1
#define HAVE_INTTYPES_H 1
#define HAVE_LIBGLIB_2_0 1
#define HAVE_LIBPCRE 1
#define HAVE_LIBPTHREAD 1
#define HAVE_MALLOC 1
#define HAVE_MEMMOVE 1
#define HAVE_MEMORY_H 1
#define HAVE_MEMSET 1
#define HAVE_PATHCONF 1
#define HAVE_PCRE_H 1
#define HAVE_PTHREAD_H 1
#define HAVE_SELECT 1
#define HAVE_SOCKET 1
#define HAVE_STDDEF_H 1
#define HAVE_STDINT_H 1
#define HAVE_STDLIB_H 1
#define HAVE_STDLIB_H 1
#define HAVE_STDLIB_H 1
#define HAVE_STRDUP 1
#define HAVE_STRERROR 1
#define HAVE_STRINGS_H 1
#define HAVE_STRING_H 1
#define HAVE_STRING_H 1
#define HAVE_SYS_IOCTL_H 1
#define HAVE_SYS_SELECT_H 1
#define HAVE_SYS_SOCKET_H 1
#define HAVE_SYS_SOCKET_H 1
#define HAVE_SYS_STAT_H 1
#define HAVE_SYS_TIME_H 1
#define HAVE_SYS_TYPES_H 1
#define HAVE_SYS_UN_H 1
#define HAVE_UNISTD_H 1
#define HAVE_UNISTD_H 1
#define LSTAT_FOLLOWS_SLASHED_SYMLINK 1
#define LSTAT_FOLLOWS_SLASHED_SYMLINK 1
#define PACKAGE "galaxy"
#define PACKAGE_BUGREPORT "munozga@gmail.com"
#define PACKAGE_NAME "galaxy"
#define PACKAGE_STRING "galaxy 0.0.1"
#define PACKAGE_TARNAME "galaxy"
#define PACKAGE_VERSION "0.0.1"
#define SELECT_TYPE_ARG1 int
#define SELECT_TYPE_ARG234 (fd_set *)
#define SELECT_TYPE_ARG5 (struct timeval *)
#define STDC_HEADERS 1
#define STDC_HEADERS 1
#define TIME_WITH_SYS_TIME 1
#define VERSION "0.0.1"
#endif
#ifdef __cplusplus
extern "C" void std::exit (int) throw (); using std::exit;

configure: exit 0

## ---------------------- ##
## Running config.status. ##
## ---------------------- ##

This file was extended by galaxy config.status 0.0.1, which was
generated by GNU Autoconf 2.59.  Invocation command line was

  CONFIG_FILES    = 
  CONFIG_HEADERS  = 
  CONFIG_LINKS    = 
  CONFIG_COMMANDS = 
  $ ./config.status config.h

on frylock

config.status:826: creating config.h
config.status:1022: config.h is unchanged
